-0.495771   0.492869   0.496143
-0.326861   -0.341356   -0.494243
-0.483375   -0.336466   -0.328172
-0.317544   -0.49956   -0.329235
-0.17808   0.481771   0.49048
-0.00675763   -0.334678   0.488192
-0.145307   -0.349103   -0.335154
0.000585599   0.493068   -0.364696
0.169652   0.4879   -0.496193
0.317669   -0.322836   0.484848
0.16586   -0.345825   -0.340015
0.332195   -0.494318   -0.339102
0.483596   -0.172069   0.499235
-0.341466   -0.00177334   0.490799
-0.480446   0.00449727   -0.352517
-0.346946   -0.172396   -0.327344
-0.169453   -0.175327   -0.482903
-0.00495502   -0.00979999   0.49795
-0.175901   0.00157125   -0.334511
0.000642227   -0.177354   -0.320507
0.171992   -0.134898   -0.48421
0.325538   0.0197606   0.496287
0.13467   0.00955572   -0.316166
0.320758   -0.144302   -0.334048
-0.47981   0.170075   0.489156
-0.349053   0.34192   -0.494745
-0.494113   0.347649   -0.337322
-0.321293   0.181122   -0.3289
-0.193957   0.175044   0.483893
-0.00150916   0.307802   -0.496653
-0.150185   0.346692   -0.312701
-0.011474   0.159241   -0.330265
0.167644   0.161995   -0.475418
0.335802   0.325812   -0.494169
0.171775   0.331946   -0.325866
0.337053   0.161596   -0.327394
-0.494203   0.489667   -0.180916
-0.325642   -0.346378   -0.147707
-0.4878   -0.325966   -0.0113363
-0.33773   0.497227   0.00394523
-0.160342   -0.496672   -0.161307
-0.00733754   -0.332516   -0.156616
-0.165577   -0.322645   0.0158195
0.00471038   0.493352   0.00650126
0.154575   -0.494854   -0.170146
0.326137   -0.329434   -0.17502
0.174817   -0.339344   0.00507491
0.328058   -0.476797   -0.0125918
0.492081   -0.163493   -0.17595
-0.315664   -0.00610014   -0.165913
0.487365   0.00958644   0.00310739
-0.332286   -0.163589   0.00316802
-0.17708   -0.186242   -0.179363
-0.0111964   -0.00889008   -0.155988
-0.168497   -0.00390836   -0.0054199
0.00727328   -0.174291   0.0175355
0.162942   -0.156675   -0.164441
0.334341   -0.00673498   -0.148236
0.181909   -0.00172115   0.0108072
0.343844   -0.174327   -0.0046805
0.497031   0.167861   -0.18422
-0.339355   0.345262   -0.18423
-0.491068   0.347613   -0.0197866
-0.34666   0.161139   0.0076795
-0.16068   0.156456   -0.141008
0.01643   0.341704   -0.159621
-0.170374   0.327561   -0.0156081
0.00857592   0.157028   -0.00310418
0.165502   0.170233   -0.154662
0.33936   0.346927   -0.169451
0.181087   0.336345   -0.00807508
0.349372   0.19166   0.00465933
0.493591   -0.493944   0.151465
-0.323971   -0.331701   0.17927
-0.495805   -0.344187   0.323406
-0.33972   -0.496243   0.336563
-0.142637   -0.499383   0.174901
-0.00520057   -0.329113   0.179252
-0.161877   -0.35501   0.334113
0.0247181   0.49907   0.328491
0.175076   0.499372   0.16798
0.330689   -0.335653   0.167478
0.163388   -0.322497   0.338724
0.326648   -0.496289   0.342493
-0.491399   -0.182786   0.170968
-0.33446   -0.0150246   0.16115
0.491981   0.00501844   0.326145
-0.345288   -0.169489   0.338822
-0.170804   -0.174063   0.169254
-0.0176749   -0.00472873   0.153259
-0.182131   -0.00852972   0.330669
-0.00755315   -0.159004   0.344311
0.158132   -0.164927   0.178999
0.331646   0.0122367   0.177234
0.182045   0.0231684   0.336966
0.332431   -0.158654   0.330361
0.496099   0.180533   0.154822
-0.337779   0.364284   0.165195
0.494521   0.339765   0.326426
-0.337866   0.178623   0.314103
-0.182543   0.142867   0.159146
-0.00291238   0.321653   0.1618
-0.157808   0.321597   0.32273
0.000754616   0.157574   0.319124
0.161132   0.16077   0.157669
0.330878   0.322932   0.172372
0.171509   0.321837   0.336023
0.346764   0.17102   0.331049
