0.108143   0.240733   -2.77257
-1.32192   1.3762   0.575563
-1.13167   0.846256   -0.54096
-0.765838   0.168945   1.12667
1.37367   0.24324   -1.11928
0.426702   -1.00348   -0.0395548
-0.000730404   -0.385051   -2.01285
0.270223   0.0290405   -0.0520866
1.38233   1.52678   -0.00375795
0.507872   -1.55962   1.10731
-0.208668   -0.410972   1.39449
-0.00256953   -0.934694   0.510004
-1.84825   -0.914694   -0.0964595
0.166387   1.83108   0.686911
-0.599991   -0.19444   1.68959
0.60989   -0.503539   -1.24275
-0.642197   -1.58106   0.166916
0.674098   -1.50134   0.714764
-0.486629   0.733444   -1.45612
-0.101249   0.682076   0.433205
-0.00139851   -0.504077   0.26952
-1.07373   0.537903   -0.408315
-1.30785   1.45028   -1.46096
-0.419028   0.854864   0.745865
-1.54286   -0.256293   1.0362
0.918092   0.368902   -0.181637
0.592734   0.923555   0.769403
-0.51785   0.184585   0.538742
-1.24398   -1.35484   0.0412529
-0.916904   1.61253   0.705452
0.0282915   -3.22989   -0.851947
-0.478917   -0.199262   0.455879
0.893299   0.426803   -1.4885
-0.46701   -0.0675132   0.980744
-0.74959   0.185097   -0.795465
0.556792   0.508542   0.906883
0.144423   0.387548   1.0984
-0.759765   -0.420514   -2.17089
-0.301202   0.876181   -0.399375
-0.417387   0.773483   0.623619
-0.823834   0.800051   -0.382982
2.32595   -1.52641   0.454194
-0.0972324   -0.232554   -1.10137
-0.854948   -0.139304   0.66558
1.36096   -0.553331   -0.444985
-0.417403   0.635305   -1.44838
1.10942   0.95137   -0.467155
0.781572   0.134846   1.07175
-0.0572638   0.220312   0.583483
-0.732596   -0.657449   0.253716
1.60773   1.40667   1.47164
-0.661362   0.433755   0.458434
0.0243687   -0.0103896   2.53401
-0.380698   0.225555   -0.494477
-0.338038   0.0792759   1.54078
1.64705   0.273368   -0.451812
1.18205   -0.221146   -0.102807
1.26925   0.369264   0.573075
-0.586302   -0.073201   -1.21368
-1.25989   -0.778902   -0.848462
0.8059   1.2997   -1.65094
-0.597493   0.439929   -0.669665
-0.466309   -1.33533   -0.917704
-0.685777   -0.681068   1.55152
0.388341   0.0771   -0.354773
-1.57193   1.22995   0.995713
1.42802   -0.704758   -2.10202
1.93788   1.29958   -0.190102
0.19878   0.588297   0.644466
0.527731   0.391071   0.244394
0.35987   -0.532219   0.254725
0.969945   -0.571659   -0.766432
0.449312   0.0252407   0.596668
-0.559795   1.6145   0.519157
-0.707004   0.472094   0.333781
-2.44429   0.200653   -0.623525
-0.378425   0.522391   0.321268
-1.1516   -1.03701   0.146609
1.96487   -0.559972   -1.00585
0.397111   -0.360565   -0.832574
0.0195571   0.195758   0.768691
1.52418   -1.46669   0.757964
-0.726011   -1.21503   -0.493482
0.457355   0.518818   1.66955
0.0860231   0.689026   -0.349337
0.40183   0.410904   0.660969
-0.38114   -1.57882   -0.764306
-0.100432   -0.861106   0.0504878
1.11969   -0.835238   1.34552
0.864165   -0.368001   0.856946
0.204252   -1.64832   0.717452
-0.134767   -0.150867   -0.461275
1.15619   -0.735479   -2.00509
2.00412   1.01108   -0.740129
0.701512   -0.594993   -0.588935
-1.50058   0.162747   -1.31297
-0.485298   1.90861   -0.707121
-0.769442   -0.813132   0.73361
0.259852   0.277157   0.471683
-0.974662   0.961641   -0.757481
0.741462   -1.24996   0.165609
-1.02227   1.3055   -0.660229
-0.837319   -1.22239   0.97844
0.816478   0.192296   -0.264214
-0.93198   0.0550801   0.171626
0.014933   0.576322   -0.503032
0.862789   -0.713899   0.538062
-0.680213   -0.272811   1.09185
