-0.277441   0.212864   0.14589
-0.498631   -0.243096   -0.249018
-0.23169   -0.484847   0.186501
-0.262076   0.0779565   -0.0340648
-0.00171375   0.275625   -0.162614
0.0398664   0.172044   0.392509
0.22629   -0.298505   -0.118546
0.240159   0.251176   0.150224
-0.496073   0.207188   -0.329471
0.344529   -0.0631162   0.423404
-0.0659443   -0.273655   -0.374741
0.471307   -0.0343524   -0.321349
0.383996   0.473969   0.356612
0.396528   0.400915   0.15434
-0.422055   -0.245873   -0.00865208
0.122306   -0.188175   -0.474102
-0.201677   -0.217273   -0.494992
-0.38023   -0.253767   0.21675
0.346991   -0.133379   -0.143151
0.404572   -0.352529   0.461237
-0.195848   -0.419762   -0.339564
-0.321053   0.468756   0.498227
-0.0444169   -0.0589108   0.403426
0.0155776   -0.223431   0.303379
0.406104   0.229775   0.0127668
0.257062   -0.0495456   -0.382296
-0.374512   -0.336013   -0.497454
0.343372   -0.39111   0.194345
-0.323873   0.201652   0.486096
-0.40568   0.346822   -0.0377875
0.093238   0.0684009   -0.193403
-0.112055   0.34332   0.43535
0.121135   -0.491322   0.378516
-0.0807108   0.356643   0.229695
0.294314   0.0703561   -0.20231
0.474388   0.106279   -0.152821
-0.0207967   -0.414608   0.487487
0.439099   0.429789   -0.135948
0.254158   0.326256   0.425605
-0.427146   0.128142   0.068785
0.151654   -0.29152   0.139859
-0.181267   -0.390271   -0.0704249
0.390822   -0.424987   0.0136041
0.170952   0.372828   -0.280079
-0.068585   0.128596   -0.426668
0.0280237   -0.330976   -0.0462204
-0.207632   -0.136417   0.0564871
-0.38935   0.3751   -0.295989
-0.281002   0.35844   0.327139
0.49633   -0.427888   -0.346504
0.172309   0.19104   -0.0527419
0.292199   -0.235904   -0.351634
-0.0287841   0.0457903   -0.0180775
-0.432899   -0.483079   0.264139
-0.171357   0.303755   -0.290905
-0.357007   -0.0182625   -0.174715
0.487943   0.313613   0.359038
-0.379841   -0.435131   0.0844692
-0.00966088   -0.390518   -0.246173
-0.20714   -0.384962   0.393547
0.136554   0.467962   0.0793122
0.255971   0.485301   -0.462102
-0.260378   -0.198104   -0.130827
0.110391   -0.189412   -0.262342
0.222374   -0.0995561   0.229936
-0.226475   0.27417   -0.0813256
-0.15558   0.082321   -0.207581
0.27996   0.392315   -0.0400746
-0.272071   -0.0307293   0.390001
-0.0688435   0.457583   0.0672183
0.0155654   0.220136   0.0755487
0.335821   0.0142113   0.00855505
-0.195232   0.14965   0.333171
0.41309   -0.206037   0.245059
0.10697   0.359872   0.242571
-0.332361   0.184038   -0.217193
0.44136   0.212016   0.200096
0.0935869   0.336768   -0.469656
0.158098   0.00994344   0.427169
-0.0217806   -0.443605   0.257323
-0.106305   0.449825   -0.153803
-0.306496   0.0290761   -0.40149
-0.0392646   0.429392   -0.366737
0.10857   -0.0941993   -0.0642307
0.308832   -0.464034   -0.25563
-0.357484   -0.436381   -0.201923
-0.113861   0.0513307   0.162067
0.01933   -0.126123   0.130982
0.438197   0.386301   -0.434657
0.149307   -0.408751   -0.36078
0.154171   0.0416185   0.104171
0.484252   -0.0913162   0.0383938
-0.0652258   -0.0717654   -0.359439
0.400666   0.128724   -0.467299
0.229746   -0.251417   0.34828
0.288781   -0.185252   0.0429283
-0.434104   -0.16292   0.390167
-0.470817   0.0306974   0.435479
0.296287   0.123349   0.330977
0.103628   0.491446   -0.110423
-0.174652   -0.18189   0.256422
0.45005   0.00392989   0.232015
0.351075   0.261295   -0.222621
-0.121082   -0.311189   0.126517
0.126142   0.118637   -0.406777
-0.0775577   -0.137859   -0.120477
-0.358862   -0.0449539   0.168751
-0.327648   -0.170167   -0.322767
