0.912868   -0.00882523   0.883955
0.439693   0.623641   -0.545569
0.90339   0.475726   -0.841852
-1.14456   0.691264   1.44186
1.59404   -0.665042   -1.76587
1.63881   -0.317558   0.525006
0.854423   0.308482   -0.786266
0.167554   0.933195   -0.0380877
-2.29584   -1.36557   0.716999
0.946817   0.200192   -2.25409
0.550761   -1.2774   -0.743608
-0.33978   -0.39389   0.742169
-0.740234   -1.11759   -0.716864
-0.289404   0.575939   1.48104
-0.623671   -1.20301   1.12439
0.935534   0.833731   0.0694905
-0.00175575   -0.0208507   0.0475309
-1.12149   1.1183   1.17078
-0.904932   0.223438   1.90993
-1.75979   -1.21445   -0.141663
2.03514   -0.469361   0.934571
-0.892812   -0.288235   -1.18118
-0.483341   0.160405   -0.647947
1.64755   0.550552   -0.877319
1.12673   0.283123   -1.31687
-0.919781   -1.03909   1.39299
-1.08092   1.26069   0.885437
-1.49925   0.0494915   -0.588478
-1.55122   0.914241   -1.06791
1.29198   1.68849   2.26501
-1.0436   0.245186   -0.104106
-0.33127   -0.301204   0.621608
2.40157   0.482586   0.0926059
0.121634   1.07381   0.573399
0.194531   0.288853   1.40925
0.0942355   0.57956   1.15106
-0.106291   -0.551012   -2.89163
0.270254   -0.664964   -0.486412
0.240331   -0.349298   0.460433
-0.0487479   -1.13392   0.561053
0.573303   -1.60005   -0.0722484
-0.353091   0.105563   0.396876
0.200197   -0.568587   -1.22259
-1.22737   0.499871   1.53785
0.742774   -1.23436   -0.802308
-0.181588   1.61783   -0.30476
-1.52136   0.67032   0.292907
0.410633   -0.034417   -1.16569
-0.304271   -0.130183   -0.559496
-0.129497   -0.644672   -0.56213
0.27321   -1.08489   -0.200821
-0.702437   -0.198846   0.571503
0.00793283   1.82727   0.069353
-0.930863   -1.50876   1.01465
1.08487   -1.05625   0.0512728
0.0790481   -0.698864   1.41511
1.45013   0.671233   -1.06463
0.597861   -1.79847   -0.0536269
0.302153   -0.591483   0.530226
0.228902   -0.262686   -0.967213
-0.356848   1.52967   -0.750704
0.260167   0.676238   1.10275
-1.24664   0.345006   -1.3828
-0.100653   0.928   -0.218862
-0.00157126   -1.31212   0.310067
0.0211004   0.741006   -0.507953
0.963745   0.687623   0.216396
0.411266   -1.20543   -0.488435
-0.828191   -0.575105   0.384123
1.10946   -2.55798   0.668834
-0.1441   -0.272648   -1.7519
0.362326   0.214701   -0.537872
-0.497121   -0.107469   0.564429
-0.503665   -0.974497   -0.290573
-0.23477   -1.72506   0.135138
-1.32994   0.15575   -2.91752
0.794934   -0.956352   -2.00933
-1.84996   -0.123795   1.25702
0.706048   1.31059   0.807196
0.134113   1.05245   2.84494
0.84325   0.989651   0.487534
-0.567283   3.67184   0.654349
2.04923   1.28899   -0.407771
-1.6253   0.196527   -0.419355
-0.0192068   -1.71908   0.383159
-0.273391   1.36099   -0.384786
1.98222   -0.323843   -0.352052
2.06998   0.578735   1.11438
-1.10373   1.28246   0.498855
1.09169   -0.561644   -0.778239
0.633211   -0.104601   0.0524879
0.95542   -3.19063   -2.14881
1.19136   0.329542   0.696331
0.674375   0.103197   1.36159
-2.35869   -0.885213   -0.409816
-1.95854   1.84241   -0.958492
-1.45802   -0.94177   0.434662
-1.62707   -1.60165   0.289618
1.06758   -0.118709   1.13265
0.465828   -1.52445   1.01806
0.914652   1.25116   0.690406
-0.346362   0.706286   -0.356997
-2.45106   -0.671496   0.739023
-0.0555557   2.1573   0.79947
-0.135546   0.955134   -1.61156
1.53297   1.27703   -1.03266
-0.613614   0.301778   -1.52246
-0.337825   0.360294   0.226374
